<?xml version="1.0" encoding="UTF-8"?>
<!-- Generated by org.testng.reporters.JUnitReportReporter -->
<testsuite skipped="0" hostname="Vethiga" name="com.selbot.testcases.TC001_CheckAvailability" tests="1" failures="0" timestamp="26 Apr 2019 15:22:31 GMT" time="94.493" errors="0">
  <testcase name="seatAvalability" time="94.493" classname="com.selbot.testcases.TC001_CheckAvailability"/>
</testsuite> <!-- com.selbot.testcases.TC001_CheckAvailability -->
